<?xml version="1.0" encoding="UTF-8"?>
<testng-results skipped="0" failed="0" ignored="0" total="1" passed="1">
  <reporter-output>
  </reporter-output>
  <suite name="Default suite" duration-ms="100544" started-at="2020-02-06T14:24:08 IST" finished-at="2020-02-06T14:25:48 IST">
    <groups>
    </groups>
    <test name="Default test" duration-ms="100544" started-at="2020-02-06T14:24:08 IST" finished-at="2020-02-06T14:25:48 IST">
      <class name="Test.OpenBrowser">
        <test-method status="PASS" signature="setUP()[pri:0, instance:Test.OpenBrowser@eec5a4a]" name="setUP" is-config="true" duration-ms="5925" started-at="2020-02-06T14:24:08 IST" finished-at="2020-02-06T14:24:14 IST">
          <reporter-output>
          </reporter-output>
        </test-method> <!-- setUP -->
        <test-method status="PASS" signature="execute()[pri:0, instance:Test.OpenBrowser@eec5a4a]" name="execute" duration-ms="93944" started-at="2020-02-06T14:24:14 IST" finished-at="2020-02-06T14:25:47 IST">
          <reporter-output>
          </reporter-output>
        </test-method> <!-- execute -->
        <test-method status="PASS" signature="tearDown()[pri:0, instance:Test.OpenBrowser@eec5a4a]" name="tearDown" is-config="true" duration-ms="645" started-at="2020-02-06T14:25:48 IST" finished-at="2020-02-06T14:25:48 IST">
          <reporter-output>
          </reporter-output>
        </test-method> <!-- tearDown -->
      </class> <!-- Test.OpenBrowser -->
    </test> <!-- Default test -->
  </suite> <!-- Default suite -->
</testng-results>
